app/build/intermediates/manifest_merge_blame_file/cnRelease/manifest-merger-blame-cn-release-report.txt
1<?xml version="1.0" encoding="utf-8"?>
2<manifest xmlns:android="http://schemas.android.com/apk/res/android"
3    xmlns:tools="http://schemas.android.com/tools"
4    package="com.picovr.robotassistantlib" >
5
6    <uses-sdk android:minSdkVersion="30" />
6-->src/main/AndroidManifest.xml
7
8    <uses-permission android:name="android.permission.CAMERA" />
8-->src/main/AndroidManifest.xml:5:5-65
8-->src/main/AndroidManifest.xml:5:22-62
9    <uses-permission android:name="android.permission.RECORD_AUDIO" />
9-->src/main/AndroidManifest.xml:6:5-71
9-->src/main/AndroidManifest.xml:6:22-68
10    <uses-permission android:name="android.permission.READ_EXTERNAL_STORAGE" />
10-->src/main/AndroidManifest.xml:7:5-80
10-->src/main/AndroidManifest.xml:7:22-77
11    <uses-permission android:name="android.permission.WRITE_EXTERNAL_STORAGE" />
11-->src/main/AndroidManifest.xml:8:5-81
11-->src/main/AndroidManifest.xml:8:22-78
12    <uses-permission android:name="android.permission.MANAGE_EXTERNAL_STORAGE" />
12-->src/main/AndroidManifest.xml:9:5-82
12-->src/main/AndroidManifest.xml:9:22-79
13    <uses-permission android:name="android.permission.INTERNET" />
13-->src/main/AndroidManifest.xml:10:5-67
13-->src/main/AndroidManifest.xml:10:22-64
14
15</manifest>